#
# There is insufficient memory for the Java Runtime Environment to continue.
# Native memory allocation (malloc) failed to allocate 1048576 bytes. Error detail: AllocateHeap
# Possible reasons:
#   The system is out of physical RAM or swap space
#   This process is running with CompressedOops enabled, and the Java Heap may be blocking the growth of the native heap
# Possible solutions:
#   Reduce memory load on the system
#   Increase physical memory or swap space
#   Check if swap backing store is full
#   Decrease Java heap size (-Xmx/-Xms)
#   Decrease number of Java threads
#   Decrease Java thread stack sizes (-Xss)
#   Set larger code cache with -XX:ReservedCodeCacheSize=
#   JVM is running with Unscaled Compressed Oops mode in which the Java heap is
#     placed in the first 4GB address space. The Java Heap base address is the
#     maximum limit for the native heap growth. Please use -XX:HeapBaseMinAddress
#     to set the Java Heap base and to place the Java Heap above 4GB virtual address.
# This output file may be truncated or incomplete.
#
#  Out of Memory Error (allocation.cpp:44), pid=16860, tid=1748
#
# JRE version: OpenJDK Runtime Environment Temurin-21.0.11+10 (21.0.11+10) (build 21.0.11+10-LTS)
# Java VM: OpenJDK 64-Bit Server VM Temurin-21.0.11+10 (21.0.11+10-LTS, mixed mode, sharing, tiered, compressed oops, compressed class ptrs, parallel gc, windows-amd64)
# No core dump will be written. Minidumps are not enabled by default on client versions of Windows
#

---------------  S U M M A R Y ------------

Command Line: --add-modules=ALL-SYSTEM --add-opens=java.base/java.util=ALL-UNNAMED --add-opens=java.base/java.lang=ALL-UNNAMED --add-opens=java.base/sun.nio.fs=ALL-UNNAMED -Declipse.application=org.eclipse.jdt.ls.core.id1 -Dosgi.bundles.defaultStartLevel=4 -Declipse.product=org.eclipse.jdt.ls.core.product -Djava.import.generatesMetadataFilesAtProjectRoot=false -DDetectVMInstallationsJob.disabled=true -Dfile.encoding=utf8 -XX:+UseParallelGC -XX:GCTimeRatio=4 -XX:AdaptiveSizePolicyWeight=90 -Dsun.zip.disableMemoryMapping=true -Xmx2G -Xms100m -Xlog:disable -javaagent:c:\Users\ACER\.vscode\extensions\redhat.java-1.55.0-win32-x64\lombok\lombok-1.18.39-4050.jar -XX:+HeapDumpOnOutOfMemoryError -XX:HeapDumpPath=c:\Users\ACER\AppData\Roaming\Code\User\workspaceStorage\0720bef961c6477faf8434819dbeee19\redhat.java -Daether.dependencyCollector.impl=bf c:\Users\ACER\.vscode\extensions\redhat.java-1.55.0-win32-x64\server\plugins\org.eclipse.equinox.launcher_1.7.200.v20260619-2039.jar -configuration c:\Users\ACER\AppData\Roaming\Code\User\globalStorage\redhat.java\1.55.0\config_win -data c:\Users\ACER\AppData\Roaming\Code\User\workspaceStorage\0720bef961c6477faf8434819dbeee19\redhat.java\jdt_ws --pipe=\\.\pipe\lsp-dadebf9cb4985bc9c028a9ea69e32484-sock

Host: 11th Gen Intel(R) Core(TM) i5-11400H @ 2.70GHz, 12 cores, 7G,  Windows 11 , 64 bit Build 26100 (10.0.26100.8875)
Time: Mon Jul 20 02:25:48 2026 Hora est. Pacífico, Sudamérica elapsed time: 448.552613 seconds (0d 0h 7m 28s)

---------------  T H R E A D  ---------------

Current thread (0x00000240e41f7fa0):  JavaThread "Attach Listener" daemon [_thread_in_vm, id=1748, stack(0x000000b87e900000,0x000000b87ea00000) (1024K)]

Stack: [0x000000b87e900000,0x000000b87ea00000]
Native frames: (J=compiled Java code, j=interpreted, Vv=VM code, C=native code)
V  [jvm.dll+0x6d7e19]
V  [jvm.dll+0x8b5096]
V  [jvm.dll+0x8b764e]
V  [jvm.dll+0x8b7d33]
V  [jvm.dll+0x284596]
V  [jvm.dll+0xc13c7]
V  [jvm.dll+0x6d86c9]
V  [jvm.dll+0x133616]
V  [jvm.dll+0x3f868e]
V  [jvm.dll+0x85fb0d]
V  [jvm.dll+0x6d664d]
C  [ucrtbase.dll+0x2cd30]
C  [KERNEL32.DLL+0x2e957]
C  [ntdll.dll+0xaad6c]


---------------  P R O C E S S  ---------------

Threads class SMR info:
_java_thread_list=0x00000240c50da460, length=48, elements={
0x00000240e414de00, 0x00000240e40fd000, 0x00000240e41f2470, 0x00000240e41f7340,
0x00000240e41f7fa0, 0x00000240e41faa10, 0x00000240e41fb470, 0x00000240e41fe2c0,
0x00000240e420bdd0, 0x00000240fc0e41b0, 0x00000240fc15fa70, 0x00000240fd1f2750,
0x00000240fd18c820, 0x00000240fd37f900, 0x00000240fd382350, 0x00000240fd837e80,
0x00000240fbec4d70, 0x00000240fda6ea10, 0x00000240fcfdd6c0, 0x00000240fcfdea70,
0x00000240fcfdfe20, 0x00000240fcfdc9a0, 0x00000240fcfde3e0, 0x00000240fcfdf100,
0x00000240fcfdf790, 0x00000240ff8fb400, 0x00000240ff8fba90, 0x00000240ff8fc120,
0x00000240ff8fc7b0, 0x00000240ff8fce40, 0x00000240ff8fa6e0, 0x00000240ff8fad70,
0x00000240ff8f99c0, 0x00000240ff8fd4d0, 0x00000240ff8fa050, 0x00000240ff8fdb60,
0x00000240ff9002c0, 0x00000240ff8fef10, 0x00000240fdd4e370, 0x00000240fdd4aef0,
0x00000240fdd4ea00, 0x00000240fdd4c2a0, 0x00000240fdd4b580, 0x00000240fdd4f090,
0x00000240fdd4bc10, 0x00000240fdd4f720, 0x00000240fdd4fdb0, 0x00000240fdd4c930
}

Java Threads: ( => current thread )
  0x00000240e414de00 JavaThread "main"                              [_thread_blocked, id=9548, stack(0x000000b87e200000,0x000000b87e300000) (1024K)]
  0x00000240e40fd000 JavaThread "Reference Handler"          daemon [_thread_blocked, id=3616, stack(0x000000b87e600000,0x000000b87e700000) (1024K)]
  0x00000240e41f2470 JavaThread "Finalizer"                  daemon [_thread_blocked, id=26572, stack(0x000000b87e700000,0x000000b87e800000) (1024K)]
  0x00000240e41f7340 JavaThread "Signal Dispatcher"          daemon [_thread_blocked, id=7756, stack(0x000000b87e800000,0x000000b87e900000) (1024K)]
=>0x00000240e41f7fa0 JavaThread "Attach Listener"            daemon [_thread_in_vm, id=1748, stack(0x000000b87e900000,0x000000b87ea00000) (1024K)]
  0x00000240e41faa10 JavaThread "Service Thread"             daemon [_thread_blocked, id=21040, stack(0x000000b87ea00000,0x000000b87eb00000) (1024K)]
  0x00000240e41fb470 JavaThread "Monitor Deflation Thread"   daemon [_thread_blocked, id=29676, stack(0x000000b87eb00000,0x000000b87ec00000) (1024K)]
  0x00000240e41fe2c0 JavaThread "C2 CompilerThread0"         daemon [_thread_blocked, id=24808, stack(0x000000b87ec00000,0x000000b87ed00000) (1024K)]
  0x00000240e420bdd0 JavaThread "C1 CompilerThread0"         daemon [_thread_blocked, id=30032, stack(0x000000b87ed00000,0x000000b87ee00000) (1024K)]
  0x00000240fc0e41b0 JavaThread "Common-Cleaner"             daemon [_thread_blocked, id=10984, stack(0x000000b87ee00000,0x000000b87ef00000) (1024K)]
  0x00000240fc15fa70 JavaThread "Notification Thread"        daemon [_thread_blocked, id=26332, stack(0x000000b87ef00000,0x000000b87f000000) (1024K)]
  0x00000240fd1f2750 JavaThread "Active Thread: Equinox Container: afc19171-a025-4de5-b3b8-47cdc5572dc1"        [_thread_blocked, id=11968, stack(0x000000b87f600000,0x000000b87f700000) (1024K)]
  0x00000240fd18c820 JavaThread "Refresh Thread: Equinox Container: afc19171-a025-4de5-b3b8-47cdc5572dc1" daemon [_thread_blocked, id=26116, stack(0x000000b87f800000,0x000000b87f900000) (1024K)]
  0x00000240fd37f900 JavaThread "Framework Event Dispatcher: Equinox Container: afc19171-a025-4de5-b3b8-47cdc5572dc1" daemon [_thread_blocked, id=9456, stack(0x000000b87f900000,0x000000b87fa00000) (1024K)]
  0x00000240fd382350 JavaThread "Start Level: Equinox Container: afc19171-a025-4de5-b3b8-47cdc5572dc1" daemon [_thread_blocked, id=22700, stack(0x000000b87fa00000,0x000000b87fb00000) (1024K)]
  0x00000240fd837e80 JavaThread "Bundle File Closer"         daemon [_thread_blocked, id=3504, stack(0x000000b87fd00000,0x000000b87fe00000) (1024K)]
  0x00000240fbec4d70 JavaThread "SCR Component Actor"        daemon [_thread_blocked, id=3676, stack(0x000000b87fe00000,0x000000b87ff00000) (1024K)]
  0x00000240fda6ea10 JavaThread "Worker-JM"                         [_thread_blocked, id=28876, stack(0x000000b87ff00000,0x000000b880000000) (1024K)]
  0x00000240fcfdd6c0 JavaThread "JNA Cleaner"                daemon [_thread_blocked, id=12172, stack(0x000000b800000000,0x000000b800100000) (1024K)]
  0x00000240fcfdea70 JavaThread "Worker-0"                          [_thread_blocked, id=29352, stack(0x000000b800100000,0x000000b800200000) (1024K)]
  0x00000240fcfdfe20 JavaThread "Worker-1"                          [_thread_blocked, id=1576, stack(0x000000b800200000,0x000000b800300000) (1024K)]
  0x00000240fcfdc9a0 JavaThread "Java indexing"              daemon [_thread_blocked, id=30416, stack(0x000000b800400000,0x000000b800500000) (1024K)]
  0x00000240fcfde3e0 JavaThread "Thread-1"                   daemon [_thread_in_native, id=26284, stack(0x000000b800900000,0x000000b800a00000) (1024K)]
  0x00000240fcfdf100 JavaThread "Thread-2"                   daemon [_thread_in_native, id=10468, stack(0x000000b800a00000,0x000000b800b00000) (1024K)]
  0x00000240fcfdf790 JavaThread "Thread-3"                   daemon [_thread_in_native, id=668, stack(0x000000b800b00000,0x000000b800c00000) (1024K)]
  0x00000240ff8fb400 JavaThread "Thread-4"                   daemon [_thread_in_native, id=19092, stack(0x000000b800c00000,0x000000b800d00000) (1024K)]
  0x00000240ff8fba90 JavaThread "Thread-5"                   daemon [_thread_in_native, id=27464, stack(0x000000b800d00000,0x000000b800e00000) (1024K)]
  0x00000240ff8fc120 JavaThread "Thread-6"                   daemon [_thread_in_native, id=20852, stack(0x000000b800e00000,0x000000b800f00000) (1024K)]
  0x00000240ff8fc7b0 JavaThread "Thread-7"                   daemon [_thread_in_native, id=716, stack(0x000000b800f00000,0x000000b801000000) (1024K)]
  0x00000240ff8fce40 JavaThread "Thread-8"                   daemon [_thread_in_native, id=20260, stack(0x000000b801000000,0x000000b801100000) (1024K)]
  0x00000240ff8fa6e0 JavaThread "Thread-9"                   daemon [_thread_in_native, id=3588, stack(0x000000b801100000,0x000000b801200000) (1024K)]
  0x00000240ff8fad70 JavaThread "Thread-10"                  daemon [_thread_in_native, id=28256, stack(0x000000b801200000,0x000000b801300000) (1024K)]
  0x00000240ff8f99c0 JavaThread "Thread-11"                  daemon [_thread_in_native, id=29764, stack(0x000000b801300000,0x000000b801400000) (1024K)]
  0x00000240ff8fd4d0 JavaThread "Thread-12"                  daemon [_thread_in_native, id=5932, stack(0x000000b801400000,0x000000b801500000) (1024K)]
  0x00000240ff8fa050 JavaThread "Thread-13"                  daemon [_thread_in_native, id=25896, stack(0x000000b801500000,0x000000b801600000) (1024K)]
  0x00000240ff8fdb60 JavaThread "pool-2-thread-1"                   [_thread_blocked, id=24888, stack(0x000000b801600000,0x000000b801700000) (1024K)]
  0x00000240ff9002c0 JavaThread "WorkspaceEventsHandler"            [_thread_blocked, id=24880, stack(0x000000b801700000,0x000000b801800000) (1024K)]
  0x00000240ff8fef10 JavaThread "pool-1-thread-1"                   [_thread_blocked, id=20008, stack(0x000000b801800000,0x000000b801900000) (1024K)]
  0x00000240fdd4e370 JavaThread "PatternSearchJob-worker-1"  daemon [_thread_blocked, id=11188, stack(0x000000b801f00000,0x000000b802000000) (1024K)]
  0x00000240fdd4aef0 JavaThread "PatternSearchJob-worker-3"  daemon [_thread_blocked, id=19052, stack(0x000000b802100000,0x000000b802200000) (1024K)]
  0x00000240fdd4ea00 JavaThread "PatternSearchJob-worker-4"  daemon [_thread_blocked, id=17688, stack(0x000000b802200000,0x000000b802300000) (1024K)]
  0x00000240fdd4c2a0 JavaThread "PatternSearchJob-worker-5"  daemon [_thread_blocked, id=19696, stack(0x000000b802300000,0x000000b802400000) (1024K)]
  0x00000240fdd4b580 JavaThread "PatternSearchJob-worker-6"  daemon [_thread_blocked, id=26324, stack(0x000000b802400000,0x000000b802500000) (1024K)]
  0x00000240fdd4f090 JavaThread "PatternSearchJob-worker-7"  daemon [_thread_blocked, id=30272, stack(0x000000b802500000,0x000000b802600000) (1024K)]
  0x00000240fdd4bc10 JavaThread "PatternSearchJob-worker-8"  daemon [_thread_blocked, id=26112, stack(0x000000b802600000,0x000000b802700000) (1024K)]
  0x00000240fdd4f720 JavaThread "PatternSearchJob-worker-9"  daemon [_thread_blocked, id=15332, stack(0x000000b802700000,0x000000b802800000) (1024K)]
  0x00000240fdd4fdb0 JavaThread "PatternSearchJob-worker-10" daemon [_thread_blocked, id=30188, stack(0x000000b802800000,0x000000b802900000) (1024K)]
  0x00000240fdd4c930 JavaThread "PatternSearchJob-worker-11" daemon [_thread_blocked, id=24308, stack(0x000000b802900000,0x000000b802a00000) (1024K)]
Total: 48

Other Threads:
  0x00000240e40e2d00 VMThread "VM Thread"                           [id=9396, stack(0x000000b87e500000,0x000000b87e600000) (1024K)]
  0x00000240e41bdb40 WatcherThread "VM Periodic Task Thread"        [id=29888, stack(0x000000b87e400000,0x000000b87e500000) (1024K)]
  0x00000240e416c610 WorkerThread "GC Thread#0"                     [id=27704, stack(0x000000b87e300000,0x000000b87e400000) (1024K)]
  0x00000240fd267290 WorkerThread "GC Thread#1"                     [id=28792, stack(0x000000b87f000000,0x000000b87f100000) (1024K)]
  0x00000240fce44cb0 WorkerThread "GC Thread#2"                     [id=30320, stack(0x000000b87f100000,0x000000b87f200000) (1024K)]
  0x00000240fd3010d0 WorkerThread "GC Thread#3"                     [id=29904, stack(0x000000b87f200000,0x000000b87f300000) (1024K)]
  0x00000240fd301480 WorkerThread "GC Thread#4"                     [id=11144, stack(0x000000b87f300000,0x000000b87f400000) (1024K)]
  0x00000240fd301830 WorkerThread "GC Thread#5"                     [id=12696, stack(0x000000b87f400000,0x000000b87f500000) (1024K)]
  0x00000240fd46c270 WorkerThread "GC Thread#6"                     [id=7848, stack(0x000000b87f500000,0x000000b87f600000) (1024K)]
  0x00000240fd3b8d80 WorkerThread "GC Thread#7"                     [id=26320, stack(0x000000b87f700000,0x000000b87f800000) (1024K)]
  0x00000240fdaf5d70 WorkerThread "GC Thread#8"                     [id=6952, stack(0x000000b87fb00000,0x000000b87fc00000) (1024K)]
  0x00000240fd772090 WorkerThread "GC Thread#9"                     [id=28916, stack(0x000000b87fc00000,0x000000b87fd00000) (1024K)]
Total: 12

Threads with active compile tasks:
Total: 0

VM state: not at safepoint (normal execution)

VM Mutex/Monitor currently owned by a thread: None

Heap address: 0x0000000080000000, size: 2048 MB, Compressed Oops mode: 32-bit

CDS archive(s) mapped at: [0x0000024080000000-0x0000024080ba0000-0x0000024080ba0000), size 12189696, SharedBaseAddress: 0x0000024080000000, ArchiveRelocationMode: 1.
Compressed class space mapped at: 0x0000024081000000-0x00000240c1000000, reserved size: 1073741824
Narrow klass base: 0x0000024080000000, Narrow klass shift: 0, Narrow klass range: 0x100000000

GC Precious Log:
 CardTable entry size: 512
 CPUs: 12 total, 12 available
 Memory: 7971M
 Large Page Support: Disabled
 NUMA Support: Disabled
 Compressed Oops: Enabled (32-bit)
 Alignments: Space 512K, Generation 512K, Heap 2M
 Heap Min Capacity: 100M
 Heap Initial Capacity: 100M
 Heap Max Capacity: 2G
 Pre-touch: Disabled
 Parallel Workers: 10

Heap:
 PSYoungGen      total 18432K, used 9429K [0x00000000d5580000, 0x00000000d6b80000, 0x0000000100000000)
  eden space 16896K, 54% used [0x00000000d5580000,0x00000000d5e6d4d8,0x00000000d6600000)
  from space 1536K, 18% used [0x00000000d6900000,0x00000000d6948000,0x00000000d6a80000)
  to   space 1024K, 0% used [0x00000000d6a80000,0x00000000d6a80000,0x00000000d6b80000)
 ParOldGen       total 107008K, used 106691K [0x0000000080000000, 0x0000000086880000, 0x00000000d5580000)
  object space 107008K, 99% used [0x0000000080000000,0x0000000086830dd0,0x0000000086880000)
 Metaspace       used 63103K, committed 64576K, reserved 1114112K
  class space    used 6758K, committed 7424K, reserved 1048576K

Card table byte_map: [0x00000240e3af0000,0x00000240e3f00000] _byte_map_base: 0x00000240e36f0000

Marking Bits: (ParMarkBitMap*) 0x00007ffd5c3f4460
 Begin Bits: [0x00000240f6600000, 0x00000240f8600000)
 End Bits:   [0x00000240f8600000, 0x00000240fa600000)

Polling page: 0x00000240e1ed0000

Metaspace:

Usage:
  Non-class:     55.02 MB used.
      Class:      6.60 MB used.
       Both:     61.62 MB used.

Virtual space:
  Non-class space:       64.00 MB reserved,      55.81 MB ( 87%) committed,  1 nodes.
      Class space:        1.00 GB reserved,       7.25 MB ( <1%) committed,  1 nodes.
             Both:        1.06 GB reserved,      63.06 MB (  6%) committed. 

Chunk freelists:
   Non-Class:  8.07 MB
       Class:  8.72 MB
        Both:  16.80 MB

MaxMetaspaceSize: unlimited
CompressedClassSpaceSize: 1.00 GB
Initial GC threshold: 21.00 MB
Current GC threshold: 97.31 MB
CDS: on
 - commit_granule_bytes: 65536.
 - commit_granule_words: 8192.
 - virtual_space_node_default_size: 8388608.
 - enlarge_chunks_in_place: 1.
 - use_allocation_guard: 0.


Internal statistics:

num_allocs_failed_limit: 9.
num_arena_births: 1200.
num_arena_deaths: 22.
num_vsnodes_births: 2.
num_vsnodes_deaths: 0.
num_space_committed: 1009.
num_space_uncommitted: 0.
num_chunks_returned_to_freelist: 35.
num_chunks_taken_from_freelist: 4145.
num_chunk_merges: 20.
num_chunk_splits: 2574.
num_chunks_enlarged: 1461.
num_inconsistent_stats: 0.

CodeHeap 'non-profiled nmethods': size=120000Kb used=6946Kb max_used=6946Kb free=113053Kb
 bounds [0x00000240eee20000, 0x00000240ef4f0000, 0x00000240f6350000]
CodeHeap 'profiled nmethods': size=120000Kb used=22039Kb max_used=22039Kb free=97961Kb
 bounds [0x00000240e7350000, 0x00000240e88e0000, 0x00000240ee880000]
CodeHeap 'non-nmethods': size=5760Kb used=1430Kb max_used=1489Kb free=4329Kb
 bounds [0x00000240ee880000, 0x00000240eeaf0000, 0x00000240eee20000]
CodeCache: size=245760Kb, used=30415Kb, max_used=30474Kb, free=215343Kb
 total_blobs=11055, nmethods=10322, adapters=639, full_count=0
Compilation: enabled, stopped_count=0, restarted_count=0

Compilation events (20 events):
Event: 332.271 Thread 0x00000240e420bdd0 11085       3       java.net.URI::hashCode (123 bytes)
Event: 332.272 Thread 0x00000240e420bdd0 nmethod 11085 0x00000240e88d1810 code [0x00000240e88d1b60, 0x00000240e88d2b08]
Event: 332.272 Thread 0x00000240e420bdd0 11086       3       java.util.regex.Matcher::end (20 bytes)
Event: 332.273 Thread 0x00000240e420bdd0 nmethod 11086 0x00000240e88d3090 code [0x00000240e88d3280, 0x00000240e88d3630]
Event: 332.273 Thread 0x00000240e420bdd0 11087       3       org.eclipse.core.runtime.ProgressMonitorWrapper::isCanceled (10 bytes)
Event: 332.273 Thread 0x00000240e420bdd0 nmethod 11087 0x00000240e88d3810 code [0x00000240e88d39c0, 0x00000240e88d3b98]
Event: 332.273 Thread 0x00000240e420bdd0 11088       3       org.eclipse.core.runtime.ProgressMonitorWrapper::internalWorked (11 bytes)
Event: 332.273 Thread 0x00000240e420bdd0 nmethod 11088 0x00000240e88d3c90 code [0x00000240e88d3e40, 0x00000240e88d4018]
Event: 332.274 Thread 0x00000240e420bdd0 11089       3       org.eclipse.core.runtime.SubMonitor::internalWorked (33 bytes)
Event: 332.275 Thread 0x00000240e420bdd0 nmethod 11089 0x00000240e88d4110 code [0x00000240e88d4320, 0x00000240e88d4750]
Event: 332.275 Thread 0x00000240e41fe2c0 11090   !   4       org.eclipse.core.internal.resources.Workspace::getResourceInfo (109 bytes)
Event: 332.276 Thread 0x00000240e420bdd0 11091       3       org.eclipse.core.internal.dtree.NodeComparison::<init> (26 bytes)
Event: 332.276 Thread 0x00000240e420bdd0 nmethod 11091 0x00000240e88d4910 code [0x00000240e88d4ac0, 0x00000240e88d4c60]
Event: 332.276 Thread 0x00000240e420bdd0 11092       3       org.eclipse.core.internal.dtree.NodeComparison::isUnchanged (11 bytes)
Event: 332.276 Thread 0x00000240e420bdd0 nmethod 11092 0x00000240e88d4d10 code [0x00000240e88d4ec0, 0x00000240e88d5030]
Event: 332.277 Thread 0x00000240e420bdd0 11093       3       sun.security.provider.HashDrbg::addBytes (130 bytes)
Event: 332.277 Thread 0x00000240e420bdd0 nmethod 11093 0x00000240e88d5110 code [0x00000240e88d52e0, 0x00000240e88d5668]
Event: 332.300 Thread 0x00000240e41fe2c0 nmethod 11090 0x00000240ef4e6310 code [0x00000240ef4e65a0, 0x00000240ef4e7f10]
Event: 406.467 Thread 0x00000240e420bdd0 11094       3       java.util.concurrent.locks.AbstractQueuedSynchronizer$ConditionObject::canReacquire (38 bytes)
Event: 406.470 Thread 0x00000240e420bdd0 nmethod 11094 0x00000240e88d5890 code [0x00000240e88d5a60, 0x00000240e88d5da8]

GC Heap History (20 events):
Event: 20.755 GC heap before
{Heap before GC invocations=55 (full 2):
 PSYoungGen      total 23040K, used 22704K [0x00000000d5580000, 0x00000000d6f80000, 0x0000000100000000)
  eden space 22016K, 100% used [0x00000000d5580000,0x00000000d6b00000,0x00000000d6b00000)
  from space 1024K, 67% used [0x00000000d6e80000,0x00000000d6f2c3d8,0x00000000d6f80000)
  to   space 1024K, 0% used [0x00000000d6d80000,0x00000000d6d80000,0x00000000d6e80000)
 ParOldGen       total 80896K, used 80479K [0x0000000080000000, 0x0000000084f00000, 0x00000000d5580000)
  object space 80896K, 99% used [0x0000000080000000,0x0000000084e97cd0,0x0000000084f00000)
 Metaspace       used 54492K, committed 55872K, reserved 1114112K
  class space    used 5865K, committed 6464K, reserved 1048576K
}
Event: 20.756 GC heap after
{Heap after GC invocations=55 (full 2):
 PSYoungGen      total 23040K, used 809K [0x00000000d5580000, 0x00000000d6f00000, 0x0000000100000000)
  eden space 22016K, 0% used [0x00000000d5580000,0x00000000d5580000,0x00000000d6b00000)
  from space 1024K, 79% used [0x00000000d6d80000,0x00000000d6e4a420,0x00000000d6e80000)
  to   space 512K, 0% used [0x00000000d6e80000,0x00000000d6e80000,0x00000000d6f00000)
 ParOldGen       total 81408K, used 80911K [0x0000000080000000, 0x0000000084f80000, 0x00000000d5580000)
  object space 81408K, 99% used [0x0000000080000000,0x0000000084f03cd0,0x0000000084f80000)
 Metaspace       used 54492K, committed 55872K, reserved 1114112K
  class space    used 5865K, committed 6464K, reserved 1048576K
}
Event: 20.983 GC heap before
{Heap before GC invocations=56 (full 2):
 PSYoungGen      total 23040K, used 22825K [0x00000000d5580000, 0x00000000d6f00000, 0x0000000100000000)
  eden space 22016K, 100% used [0x00000000d5580000,0x00000000d6b00000,0x00000000d6b00000)
  from space 1024K, 79% used [0x00000000d6d80000,0x00000000d6e4a420,0x00000000d6e80000)
  to   space 512K, 0% used [0x00000000d6e80000,0x00000000d6e80000,0x00000000d6f00000)
 ParOldGen       total 81408K, used 80911K [0x0000000080000000, 0x0000000084f80000, 0x00000000d5580000)
  object space 81408K, 99% used [0x0000000080000000,0x0000000084f03cd0,0x0000000084f80000)
 Metaspace       used 56288K, committed 57600K, reserved 1114112K
  class space    used 6070K, committed 6656K, reserved 1048576K
}
Event: 20.984 GC heap after
{Heap after GC invocations=56 (full 2):
 PSYoungGen      total 22528K, used 504K [0x00000000d5580000, 0x00000000d6f00000, 0x0000000100000000)
  eden space 22016K, 0% used [0x00000000d5580000,0x00000000d5580000,0x00000000d6b00000)
  from space 512K, 98% used [0x00000000d6e80000,0x00000000d6efe2e8,0x00000000d6f00000)
  to   space 1536K, 0% used [0x00000000d6c00000,0x00000000d6c00000,0x00000000d6d80000)
 ParOldGen       total 81920K, used 81504K [0x0000000080000000, 0x0000000085000000, 0x00000000d5580000)
  object space 81920K, 99% used [0x0000000080000000,0x0000000084f98330,0x0000000085000000)
 Metaspace       used 56288K, committed 57600K, reserved 1114112K
  class space    used 6070K, committed 6656K, reserved 1048576K
}
Event: 21.238 GC heap before
{Heap before GC invocations=57 (full 2):
 PSYoungGen      total 22528K, used 22471K [0x00000000d5580000, 0x00000000d6f00000, 0x0000000100000000)
  eden space 22016K, 99% used [0x00000000d5580000,0x00000000d6af3cd0,0x00000000d6b00000)
  from space 512K, 98% used [0x00000000d6e80000,0x00000000d6efe2e8,0x00000000d6f00000)
  to   space 1536K, 0% used [0x00000000d6c00000,0x00000000d6c00000,0x00000000d6d80000)
 ParOldGen       total 81920K, used 81504K [0x0000000080000000, 0x0000000085000000, 0x00000000d5580000)
  object space 81920K, 99% used [0x0000000080000000,0x0000000084f98330,0x0000000085000000)
 Metaspace       used 57975K, committed 59392K, reserved 1114112K
  class space    used 6226K, committed 6848K, reserved 1048576K
}
Event: 21.239 GC heap after
{Heap after GC invocations=57 (full 2):
 PSYoungGen      total 23552K, used 1523K [0x00000000d5580000, 0x00000000d7000000, 0x0000000100000000)
  eden space 22016K, 0% used [0x00000000d5580000,0x00000000d5580000,0x00000000d6b00000)
  from space 1536K, 99% used [0x00000000d6c00000,0x00000000d6d7cca0,0x00000000d6d80000)
  to   space 2560K, 0% used [0x00000000d6d80000,0x00000000d6d80000,0x00000000d7000000)
 ParOldGen       total 82432K, used 82144K [0x0000000080000000, 0x0000000085080000, 0x00000000d5580000)
  object space 82432K, 99% used [0x0000000080000000,0x00000000850380c0,0x0000000085080000)
 Metaspace       used 57975K, committed 59392K, reserved 1114112K
  class space    used 6226K, committed 6848K, reserved 1048576K
}
Event: 21.291 GC heap before
{Heap before GC invocations=58 (full 2):
 PSYoungGen      total 23552K, used 23539K [0x00000000d5580000, 0x00000000d7000000, 0x0000000100000000)
  eden space 22016K, 100% used [0x00000000d5580000,0x00000000d6b00000,0x00000000d6b00000)
  from space 1536K, 99% used [0x00000000d6c00000,0x00000000d6d7cca0,0x00000000d6d80000)
  to   space 2560K, 0% used [0x00000000d6d80000,0x00000000d6d80000,0x00000000d7000000)
 ParOldGen       total 82432K, used 82144K [0x0000000080000000, 0x0000000085080000, 0x00000000d5580000)
  object space 82432K, 99% used [0x0000000080000000,0x00000000850380c0,0x0000000085080000)
 Metaspace       used 58001K, committed 59392K, reserved 1114112K
  class space    used 6226K, committed 6848K, reserved 1048576K
}
Event: 21.293 GC heap after
{Heap after GC invocations=58 (full 2):
 PSYoungGen      total 23040K, used 598K [0x00000000d5580000, 0x00000000d6e80000, 0x0000000100000000)
  eden space 22016K, 0% used [0x00000000d5580000,0x00000000d5580000,0x00000000d6b00000)
  from space 1024K, 58% used [0x00000000d6d80000,0x00000000d6e159d0,0x00000000d6e80000)
  to   space 1536K, 0% used [0x00000000d6b80000,0x00000000d6b80000,0x00000000d6d00000)
 ParOldGen       total 83456K, used 83395K [0x0000000080000000, 0x0000000085180000, 0x00000000d5580000)
  object space 83456K, 99% used [0x0000000080000000,0x0000000085170d60,0x0000000085180000)
 Metaspace       used 58001K, committed 59392K, reserved 1114112K
  class space    used 6226K, committed 6848K, reserved 1048576K
}
Event: 21.323 GC heap before
{Heap before GC invocations=59 (full 2):
 PSYoungGen      total 23040K, used 13960K [0x00000000d5580000, 0x00000000d6e80000, 0x0000000100000000)
  eden space 22016K, 60% used [0x00000000d5580000,0x00000000d628c658,0x00000000d6b00000)
  from space 1024K, 58% used [0x00000000d6d80000,0x00000000d6e159d0,0x00000000d6e80000)
  to   space 1536K, 0% used [0x00000000d6b80000,0x00000000d6b80000,0x00000000d6d00000)
 ParOldGen       total 83456K, used 83395K [0x0000000080000000, 0x0000000085180000, 0x00000000d5580000)
  object space 83456K, 99% used [0x0000000080000000,0x0000000085170d60,0x0000000085180000)
 Metaspace       used 58371K, committed 59776K, reserved 1114112K
  class space    used 6250K, committed 6912K, reserved 1048576K
}
Event: 21.324 GC heap after
{Heap after GC invocations=59 (full 2):
 PSYoungGen      total 23552K, used 288K [0x00000000d5580000, 0x00000000d6e00000, 0x0000000100000000)
  eden space 22016K, 0% used [0x00000000d5580000,0x00000000d5580000,0x00000000d6b00000)
  from space 1536K, 18% used [0x00000000d6b80000,0x00000000d6bc8000,0x00000000d6d00000)
  to   space 512K, 0% used [0x00000000d6d80000,0x00000000d6d80000,0x00000000d6e00000)
 ParOldGen       total 83456K, used 83411K [0x0000000080000000, 0x0000000085180000, 0x00000000d5580000)
  object space 83456K, 99% used [0x0000000080000000,0x0000000085174d60,0x0000000085180000)
 Metaspace       used 58371K, committed 59776K, reserved 1114112K
  class space    used 6250K, committed 6912K, reserved 1048576K
}
Event: 21.324 GC heap before
{Heap before GC invocations=60 (full 3):
 PSYoungGen      total 23552K, used 288K [0x00000000d5580000, 0x00000000d6e00000, 0x0000000100000000)
  eden space 22016K, 0% used [0x00000000d5580000,0x00000000d5580000,0x00000000d6b00000)
  from space 1536K, 18% used [0x00000000d6b80000,0x00000000d6bc8000,0x00000000d6d00000)
  to   space 512K, 0% used [0x00000000d6d80000,0x00000000d6d80000,0x00000000d6e00000)
 ParOldGen       total 83456K, used 83411K [0x0000000080000000, 0x0000000085180000, 0x00000000d5580000)
  object space 83456K, 99% used [0x0000000080000000,0x0000000085174d60,0x0000000085180000)
 Metaspace       used 58371K, committed 59776K, reserved 1114112K
  class space    used 6250K, committed 6912K, reserved 1048576K
}
Event: 21.386 GC heap after
{Heap after GC invocations=60 (full 3):
 PSYoungGen      total 23552K, used 0K [0x00000000d5580000, 0x00000000d6e00000, 0x0000000100000000)
  eden space 22016K, 0% used [0x00000000d5580000,0x00000000d5580000,0x00000000d6b00000)
  from space 1536K, 0% used [0x00000000d6b80000,0x00000000d6b80000,0x00000000d6d00000)
  to   space 512K, 0% used [0x00000000d6d80000,0x00000000d6d80000,0x00000000d6e00000)
 ParOldGen       total 83456K, used 52525K [0x0000000080000000, 0x0000000085180000, 0x00000000d5580000)
  object space 83456K, 62% used [0x0000000080000000,0x000000008334b7e8,0x0000000085180000)
 Metaspace       used 58364K, committed 59776K, reserved 1114112K
  class space    used 6248K, committed 6912K, reserved 1048576K
}
Event: 31.115 GC heap before
{Heap before GC invocations=61 (full 3):
 PSYoungGen      total 23552K, used 22003K [0x00000000d5580000, 0x00000000d6e00000, 0x0000000100000000)
  eden space 22016K, 99% used [0x00000000d5580000,0x00000000d6afccf0,0x00000000d6b00000)
  from space 1536K, 0% used [0x00000000d6b80000,0x00000000d6b80000,0x00000000d6d00000)
  to   space 512K, 0% used [0x00000000d6d80000,0x00000000d6d80000,0x00000000d6e00000)
 ParOldGen       total 83456K, used 52525K [0x0000000080000000, 0x0000000085180000, 0x00000000d5580000)
  object space 83456K, 62% used [0x0000000080000000,0x000000008334b7e8,0x0000000085180000)
 Metaspace       used 60509K, committed 61952K, reserved 1114112K
  class space    used 6495K, committed 7104K, reserved 1048576K
}
Event: 31.118 GC heap after
{Heap after GC invocations=61 (full 3):
 PSYoungGen      total 17408K, used 512K [0x00000000d5580000, 0x00000000d7a00000, 0x0000000100000000)
  eden space 16896K, 0% used [0x00000000d5580000,0x00000000d5580000,0x00000000d6600000)
  from space 512K, 100% used [0x00000000d6d80000,0x00000000d6e00000,0x00000000d6e00000)
  to   space 7680K, 0% used [0x00000000d6600000,0x00000000d6600000,0x00000000d6d80000)
 ParOldGen       total 83456K, used 58185K [0x0000000080000000, 0x0000000085180000, 0x00000000d5580000)
  object space 83456K, 69% used [0x0000000080000000,0x00000000838d2750,0x0000000085180000)
 Metaspace       used 60509K, committed 61952K, reserved 1114112K
  class space    used 6495K, committed 7104K, reserved 1048576K
}
Event: 31.285 GC heap before
{Heap before GC invocations=62 (full 3):
 PSYoungGen      total 17408K, used 17408K [0x00000000d5580000, 0x00000000d7a00000, 0x0000000100000000)
  eden space 16896K, 100% used [0x00000000d5580000,0x00000000d6600000,0x00000000d6600000)
  from space 512K, 100% used [0x00000000d6d80000,0x00000000d6e00000,0x00000000d6e00000)
  to   space 7680K, 0% used [0x00000000d6600000,0x00000000d6600000,0x00000000d6d80000)
 ParOldGen       total 83456K, used 58185K [0x0000000080000000, 0x0000000085180000, 0x00000000d5580000)
  object space 83456K, 69% used [0x0000000080000000,0x00000000838d2750,0x0000000085180000)
 Metaspace       used 61781K, committed 63232K, reserved 1114112K
  class space    used 6636K, committed 7296K, reserved 1048576K
}
Event: 31.287 GC heap after
{Heap after GC invocations=62 (full 3):
 PSYoungGen      total 18432K, used 1328K [0x00000000d5580000, 0x00000000d6e00000, 0x0000000100000000)
  eden space 16896K, 0% used [0x00000000d5580000,0x00000000d5580000,0x00000000d6600000)
  from space 1536K, 86% used [0x00000000d6600000,0x00000000d674c010,0x00000000d6780000)
  to   space 3072K, 0% used [0x00000000d6b00000,0x00000000d6b00000,0x00000000d6e00000)
 ParOldGen       total 83456K, used 58687K [0x0000000080000000, 0x0000000085180000, 0x00000000d5580000)
  object space 83456K, 70% used [0x0000000080000000,0x000000008394fd80,0x0000000085180000)
 Metaspace       used 61781K, committed 63232K, reserved 1114112K
  class space    used 6636K, committed 7296K, reserved 1048576K
}
Event: 31.392 GC heap before
{Heap before GC invocations=63 (full 3):
 PSYoungGen      total 18432K, used 17064K [0x00000000d5580000, 0x00000000d6e00000, 0x0000000100000000)
  eden space 16896K, 93% used [0x00000000d5580000,0x00000000d64de030,0x00000000d6600000)
  from space 1536K, 86% used [0x00000000d6600000,0x00000000d674c010,0x00000000d6780000)
  to   space 3072K, 0% used [0x00000000d6b00000,0x00000000d6b00000,0x00000000d6e00000)
 ParOldGen       total 83456K, used 58687K [0x0000000080000000, 0x0000000085180000, 0x00000000d5580000)
  object space 83456K, 70% used [0x0000000080000000,0x000000008394fd80,0x0000000085180000)
 Metaspace       used 62440K, committed 63872K, reserved 1114112K
  class space    used 6708K, committed 7360K, reserved 1048576K
}
Event: 31.394 GC heap after
{Heap after GC invocations=63 (full 3):
 PSYoungGen      total 17920K, used 970K [0x00000000d5580000, 0x00000000d6c00000, 0x0000000100000000)
  eden space 16896K, 0% used [0x00000000d5580000,0x00000000d5580000,0x00000000d6600000)
  from space 1024K, 94% used [0x00000000d6b00000,0x00000000d6bf28d8,0x00000000d6c00000)
  to   space 1536K, 0% used [0x00000000d6900000,0x00000000d6900000,0x00000000d6a80000)
 ParOldGen       total 83456K, used 59891K [0x0000000080000000, 0x0000000085180000, 0x00000000d5580000)
  object space 83456K, 71% used [0x0000000080000000,0x0000000083a7cda0,0x0000000085180000)
 Metaspace       used 62440K, committed 63872K, reserved 1114112K
  class space    used 6708K, committed 7360K, reserved 1048576K
}
Event: 31.419 GC heap before
{Heap before GC invocations=64 (full 3):
 PSYoungGen      total 17920K, used 17866K [0x00000000d5580000, 0x00000000d6c00000, 0x0000000100000000)
  eden space 16896K, 100% used [0x00000000d5580000,0x00000000d6600000,0x00000000d6600000)
  from space 1024K, 94% used [0x00000000d6b00000,0x00000000d6bf28d8,0x00000000d6c00000)
  to   space 1536K, 0% used [0x00000000d6900000,0x00000000d6900000,0x00000000d6a80000)
 ParOldGen       total 107008K, used 105971K [0x0000000080000000, 0x0000000086880000, 0x00000000d5580000)
  object space 107008K, 99% used [0x0000000080000000,0x000000008677cde0,0x0000000086880000)
 Metaspace       used 62498K, committed 63936K, reserved 1114112K
  class space    used 6714K, committed 7360K, reserved 1048576K
}
Event: 31.421 GC heap after
{Heap after GC invocations=64 (full 3):
 PSYoungGen      total 18432K, used 288K [0x00000000d5580000, 0x00000000d6b80000, 0x0000000100000000)
  eden space 16896K, 0% used [0x00000000d5580000,0x00000000d5580000,0x00000000d6600000)
  from space 1536K, 18% used [0x00000000d6900000,0x00000000d6948000,0x00000000d6a80000)
  to   space 1024K, 0% used [0x00000000d6a80000,0x00000000d6a80000,0x00000000d6b80000)
 ParOldGen       total 107008K, used 106691K [0x0000000080000000, 0x0000000086880000, 0x00000000d5580000)
  object space 107008K, 99% used [0x0000000080000000,0x0000000086830dd0,0x0000000086880000)
 Metaspace       used 62498K, committed 63936K, reserved 1114112K
  class space    used 6714K, committed 7360K, reserved 1048576K
}

Dll operation events (10 events):
Event: 0.015 Loaded shared library c:\Users\ACER\.vscode\extensions\redhat.java-1.55.0-win32-x64\jre\21.0.11-win32-x86_64\bin\java.dll
Event: 0.116 Loaded shared library c:\Users\ACER\.vscode\extensions\redhat.java-1.55.0-win32-x64\jre\21.0.11-win32-x86_64\bin\zip.dll
Event: 0.141 Loaded shared library C:\Users\ACER\.vscode\extensions\redhat.java-1.55.0-win32-x64\jre\21.0.11-win32-x86_64\bin\instrument.dll
Event: 0.148 Loaded shared library C:\Users\ACER\.vscode\extensions\redhat.java-1.55.0-win32-x64\jre\21.0.11-win32-x86_64\bin\net.dll
Event: 0.153 Loaded shared library C:\Users\ACER\.vscode\extensions\redhat.java-1.55.0-win32-x64\jre\21.0.11-win32-x86_64\bin\nio.dll
Event: 0.156 Loaded shared library C:\Users\ACER\.vscode\extensions\redhat.java-1.55.0-win32-x64\jre\21.0.11-win32-x86_64\bin\zip.dll
Event: 0.175 Loaded shared library C:\Users\ACER\.vscode\extensions\redhat.java-1.55.0-win32-x64\jre\21.0.11-win32-x86_64\bin\jimage.dll
Event: 0.278 Loaded shared library c:\Users\ACER\.vscode\extensions\redhat.java-1.55.0-win32-x64\jre\21.0.11-win32-x86_64\bin\verify.dll
Event: 4.922 Loaded shared library C:\Users\ACER\AppData\Roaming\Code\User\globalStorage\redhat.java\1.55.0\config_win\org.eclipse.equinox.launcher\org.eclipse.equinox.launcher.win32.win32.x86_64_1.3.100.v20260613-0559\eclipse_11924.dll
Event: 14.469 Loaded shared library C:\Users\ACER\AppData\Local\Temp\jna-2003023\jna5921588239543854506.dll

Deoptimization events (20 events):
Event: 331.868 Thread 0x00000240fcfdea70 Uncommon trap: trap_request=0xffffffde fr.pc=0x00000240ef4d2918 relative=0x00000000000002f8
Event: 331.868 Thread 0x00000240fcfdea70 Uncommon trap: reason=class_check action=maybe_recompile pc=0x00000240ef4d2918 method=java.io.DataOutputStream.writeByte(I)V @ 5 c2
Event: 331.868 Thread 0x00000240fcfdea70 DEOPT PACKING pc=0x00000240ef4d2918 sp=0x000000b8001feab0
Event: 331.868 Thread 0x00000240fcfdea70 DEOPT UNPACKING pc=0x00000240ee8d6da2 sp=0x000000b8001fea68 mode 2
Event: 331.868 Thread 0x00000240fcfdea70 Uncommon trap: trap_request=0xffffffde fr.pc=0x00000240ef4da640 relative=0x0000000000000b80
Event: 331.868 Thread 0x00000240fcfdea70 Uncommon trap: reason=class_check action=maybe_recompile pc=0x00000240ef4da640 method=java.io.DataOutputStream.write([BII)V @ 7 c2
Event: 331.868 Thread 0x00000240fcfdea70 DEOPT PACKING pc=0x00000240ef4da640 sp=0x000000b8001fe9e0
Event: 331.868 Thread 0x00000240fcfdea70 DEOPT UNPACKING pc=0x00000240ee8d6da2 sp=0x000000b8001fe910 mode 2
Event: 331.868 Thread 0x00000240fcfdea70 Uncommon trap: trap_request=0xffffffde fr.pc=0x00000240ef4da640 relative=0x0000000000000b80
Event: 331.868 Thread 0x00000240fcfdea70 Uncommon trap: reason=class_check action=maybe_recompile pc=0x00000240ef4da640 method=java.io.DataOutputStream.write([BII)V @ 7 c2
Event: 331.868 Thread 0x00000240fcfdea70 DEOPT PACKING pc=0x00000240ef4da640 sp=0x000000b8001fe930
Event: 331.868 Thread 0x00000240fcfdea70 DEOPT UNPACKING pc=0x00000240ee8d6da2 sp=0x000000b8001fe860 mode 2
Event: 331.868 Thread 0x00000240fcfdea70 Uncommon trap: trap_request=0xffffffde fr.pc=0x00000240ef4d0874 relative=0x00000000000003b4
Event: 331.868 Thread 0x00000240fcfdea70 Uncommon trap: reason=class_check action=maybe_recompile pc=0x00000240ef4d0874 method=java.io.DataOutputStream.writeInt(I)V @ 19 c2
Event: 331.868 Thread 0x00000240fcfdea70 DEOPT PACKING pc=0x00000240ef4d0874 sp=0x000000b8001fe690
Event: 331.868 Thread 0x00000240fcfdea70 DEOPT UNPACKING pc=0x00000240ee8d6da2 sp=0x000000b8001fe638 mode 2
Event: 331.869 Thread 0x00000240fcfdea70 Uncommon trap: trap_request=0xffffffde fr.pc=0x00000240ef4cac80 relative=0x0000000000000e40
Event: 331.869 Thread 0x00000240fcfdea70 Uncommon trap: reason=class_check action=maybe_recompile pc=0x00000240ef4cac80 method=java.io.DataOutputStream.write([BII)V @ 7 c2
Event: 331.869 Thread 0x00000240fcfdea70 DEOPT PACKING pc=0x00000240ef4cac80 sp=0x000000b8001fe420
Event: 331.869 Thread 0x00000240fcfdea70 DEOPT UNPACKING pc=0x00000240ee8d6da2 sp=0x000000b8001fe350 mode 2

Classes loaded (20 events):
Event: 31.687 Loading class sun/util/resources/TimeZoneNames
Event: 31.688 Loading class sun/util/resources/TimeZoneNames done
Event: 31.688 Loading class sun/util/resources/TimeZoneNames_en
Event: 31.688 Loading class sun/util/resources/TimeZoneNames_en done
Event: 331.355 Loading class java/util/stream/Nodes$CollectorTask$OfRef
Event: 331.371 Loading class java/util/stream/Nodes$CollectorTask
Event: 331.389 Loading class java/util/stream/Nodes$CollectorTask done
Event: 331.389 Loading class java/util/stream/Nodes$CollectorTask$OfRef done
Event: 331.395 Loading class java/util/function/LongFunction
Event: 331.396 Loading class java/util/function/LongFunction done
Event: 331.403 Loading class java/util/stream/Nodes$ConcNode
Event: 331.410 Loading class java/util/stream/Nodes$AbstractConcNode
Event: 331.415 Loading class java/util/stream/Nodes$AbstractConcNode done
Event: 331.415 Loading class java/util/stream/Nodes$ConcNode done
Event: 331.697 Loading class java/io/ObjectOutputStream$BlockDataOutputStream
Event: 331.701 Loading class java/io/ObjectOutputStream$BlockDataOutputStream done
Event: 331.701 Loading class java/io/ObjectOutputStream$HandleTable
Event: 331.703 Loading class java/io/ObjectOutputStream$HandleTable done
Event: 331.704 Loading class java/io/ObjectOutputStream$ReplaceTable
Event: 331.705 Loading class java/io/ObjectOutputStream$ReplaceTable done

Classes unloaded (11 events):
Event: 15.262 Thread 0x00000240e40e2d00 Unloading class 0x00000240811aac00 'java/lang/invoke/LambdaForm$MH+0x00000240811aac00'
Event: 15.262 Thread 0x00000240e40e2d00 Unloading class 0x00000240811aa800 'java/lang/invoke/LambdaForm$MH+0x00000240811aa800'
Event: 15.262 Thread 0x00000240e40e2d00 Unloading class 0x00000240811aa400 'java/lang/invoke/LambdaForm$MH+0x00000240811aa400'
Event: 15.262 Thread 0x00000240e40e2d00 Unloading class 0x00000240811aa000 'java/lang/invoke/LambdaForm$MH+0x00000240811aa000'
Event: 15.262 Thread 0x00000240e40e2d00 Unloading class 0x00000240811a9c00 'java/lang/invoke/LambdaForm$BMH+0x00000240811a9c00'
Event: 15.262 Thread 0x00000240e40e2d00 Unloading class 0x00000240811a9800 'java/lang/invoke/LambdaForm$DMH+0x00000240811a9800'
Event: 15.262 Thread 0x00000240e40e2d00 Unloading class 0x00000240811a8400 'java/lang/invoke/LambdaForm$DMH+0x00000240811a8400'
Event: 21.336 Thread 0x00000240e40e2d00 Unloading class 0x0000024081629400 'java/lang/invoke/LambdaForm$DMH+0x0000024081629400'
Event: 21.336 Thread 0x00000240e40e2d00 Unloading class 0x0000024081629000 'java/lang/invoke/LambdaForm$DMH+0x0000024081629000'
Event: 21.336 Thread 0x00000240e40e2d00 Unloading class 0x0000024081628c00 'java/lang/invoke/LambdaForm$DMH+0x0000024081628c00'
Event: 21.336 Thread 0x00000240e40e2d00 Unloading class 0x0000024081628800 'java/lang/invoke/LambdaForm$DMH+0x0000024081628800'

Classes redefined (0 events):
No events

Internal exceptions (20 events):
Event: 30.876 Thread 0x00000240ff9002c0 Exception <a 'sun/nio/fs/WindowsException'{0x00000000d5d92188}> (0x00000000d5d92188) 
thrown [s\src\hotspot\share\prims\jni.cpp, line 520]
Event: 30.876 Thread 0x00000240ff9002c0 Exception <a 'sun/nio/fs/WindowsException'{0x00000000d5d92ca8}> (0x00000000d5d92ca8) 
thrown [s\src\hotspot\share\prims\jni.cpp, line 520]
Event: 30.896 Thread 0x00000240ff9002c0 Exception <a 'java/io/FileNotFoundException'{0x00000000d5f3bb40}> (0x00000000d5f3bb40) 
thrown [s\src\hotspot\share\prims\jni.cpp, line 520]
Event: 30.896 Thread 0x00000240ff9002c0 Exception <a 'java/io/FileNotFoundException'{0x00000000d5f3ce78}> (0x00000000d5f3ce78) 
thrown [s\src\hotspot\share\prims\jni.cpp, line 520]
Event: 31.037 Thread 0x00000240fcfdfe20 Exception <a 'java/io/FileNotFoundException'{0x00000000d608ade0}> (0x00000000d608ade0) 
thrown [s\src\hotspot\share\prims\jni.cpp, line 520]
Event: 31.037 Thread 0x00000240fcfdfe20 Exception <a 'java/io/FileNotFoundException'{0x00000000d608c8b8}> (0x00000000d608c8b8) 
thrown [s\src\hotspot\share\prims\jni.cpp, line 520]
Event: 31.037 Thread 0x00000240fcfdfe20 Exception <a 'java/io/FileNotFoundException'{0x00000000d608db60}> (0x00000000d608db60) 
thrown [s\src\hotspot\share\prims\jni.cpp, line 520]
Event: 31.213 Thread 0x00000240fcfdfe20 Exception <a 'java/lang/NoSuchMethodError'{0x00000000d5d60e28}: 'java.lang.Object java.lang.invoke.DirectMethodHandle$Holder.newInvokeSpecial(java.lang.Object, java.lang.Object, int, java.lang.Object, java.lang.Object)'> (0x00000000d5d60e28) 
thrown [s\src\hotspot\share\interpreter\linkResolver.cpp, line 773]
Event: 31.215 Thread 0x00000240fcfdfe20 Exception <a 'java/lang/NoSuchMethodError'{0x00000000d5d7ab20}: 'java.lang.Object java.lang.invoke.DirectMethodHandle$Holder.invokeSpecial(java.lang.Object, java.lang.Object, java.lang.Object, int, java.lang.Object, java.lang.Object, java.lang.Object)'> (0x00000000d5d7ab20) 
thrown [s\src\hotspot\share\interpreter\linkResolver.cpp, line 773]
Event: 31.216 Thread 0x00000240fcfdfe20 Exception <a 'java/lang/NoSuchMethodError'{0x00000000d5d83418}: 'java.lang.Object java.lang.invoke.DirectMethodHandle$Holder.invokeStatic(java.lang.Object, java.lang.Object, int, java.lang.Object, java.lang.Object)'> (0x00000000d5d83418) 
thrown [s\src\hotspot\share\interpreter\linkResolver.cpp, line 773]
Event: 31.226 Thread 0x00000240fcfdfe20 Exception <a 'java/lang/NoSuchMethodError'{0x00000000d5e03818}: 'void java.lang.invoke.DirectMethodHandle$Holder.invokeStatic(java.lang.Object, int)'> (0x00000000d5e03818) 
thrown [s\src\hotspot\share\interpreter\linkResolver.cpp, line 773]
Event: 31.269 Thread 0x00000240fcfdfe20 Exception <a 'java/io/FileNotFoundException'{0x00000000d64d64e8}> (0x00000000d64d64e8) 
thrown [s\src\hotspot\share\prims\jni.cpp, line 520]
Event: 31.269 Thread 0x00000240fcfdfe20 Exception <a 'java/io/FileNotFoundException'{0x00000000d64d77b0}> (0x00000000d64d77b0) 
thrown [s\src\hotspot\share\prims\jni.cpp, line 520]
Event: 31.269 Thread 0x00000240fcfdfe20 Exception <a 'java/io/FileNotFoundException'{0x00000000d64d87d0}> (0x00000000d64d87d0) 
thrown [s\src\hotspot\share\prims\jni.cpp, line 520]
Event: 31.318 Thread 0x00000240fcfdfe20 Implicit null exception at 0x00000240ef1e1c53 to 0x00000240ef1e2c00
Event: 331.633 Thread 0x00000240fcfdea70 Exception <a 'sun/nio/fs/WindowsException'{0x00000000d5c27100}> (0x00000000d5c27100) 
thrown [s\src\hotspot\share\prims\jni.cpp, line 520]
Event: 331.636 Thread 0x00000240fcfdea70 Exception <a 'sun/nio/fs/WindowsException'{0x00000000d5c27e50}> (0x00000000d5c27e50) 
thrown [s\src\hotspot\share\prims\jni.cpp, line 520]
Event: 331.656 Thread 0x00000240fcfdea70 Implicit null exception at 0x00000240ef1d1f86 to 0x00000240ef1d22b0
Event: 331.840 Thread 0x00000240fcfdea70 Exception <a 'java/lang/NoSuchMethodError'{0x00000000d5cdbd08}: static [J.<clinit>()V> (0x00000000d5cdbd08) 
thrown [s\src\hotspot\share\prims\jni.cpp, line 1111]
Event: 331.885 Thread 0x00000240fcfdea70 Exception <a 'java/lang/NoSuchMethodError'{0x00000000d5d0dee8}: 'java.lang.Object java.lang.invoke.DirectMethodHandle$Holder.newInvokeSpecial(java.lang.Object, java.lang.Object, java.lang.Object, java.lang.Object, java.lang.Object, java.lang.Object, java.lang.Object, java.lang.Object)'> (0x00000000d5d0dee8) 
thrown [s\src\hotspot\share\interpreter\linkResolver.cpp, line 773]

ZGC Phase Switch (0 events):
No events

VM Operations (20 events):
Event: 32.430 Executing safepoint VM operation: Cleanup
Event: 32.430 Executing safepoint VM operation: Cleanup done
Event: 60.092 Executing non-safepoint VM operation: HandshakeAllThreads (HandshakeForDeflation)
Event: 60.092 Executing non-safepoint VM operation: HandshakeAllThreads (HandshakeForDeflation) done
Event: 60.092 Executing non-safepoint VM operation: RendezvousGCThreads
Event: 60.092 Executing non-safepoint VM operation: RendezvousGCThreads done
Event: 315.229 Executing safepoint VM operation: Cleanup
Event: 315.237 Executing safepoint VM operation: Cleanup done
Event: 327.242 Executing safepoint VM operation: Cleanup
Event: 327.242 Executing safepoint VM operation: Cleanup done
Event: 331.245 Executing safepoint VM operation: Cleanup
Event: 331.250 Executing safepoint VM operation: Cleanup done
Event: 332.260 Executing safepoint VM operation: Cleanup
Event: 332.261 Executing safepoint VM operation: Cleanup done
Event: 333.270 Executing safepoint VM operation: Cleanup
Event: 333.270 Executing safepoint VM operation: Cleanup done
Event: 361.020 Executing non-safepoint VM operation: HandshakeAllThreads (HandshakeForDeflation)
Event: 361.020 Executing non-safepoint VM operation: HandshakeAllThreads (HandshakeForDeflation) done
Event: 361.020 Executing non-safepoint VM operation: RendezvousGCThreads
Event: 361.020 Executing non-safepoint VM operation: RendezvousGCThreads done

Memory protections (0 events):
No events

Nmethod flushes (20 events):
Event: 21.349 Thread 0x00000240e40e2d00 flushing  nmethod 0x00000240e7c03e10
Event: 21.349 Thread 0x00000240e40e2d00 flushing  nmethod 0x00000240e7c04410
Event: 21.349 Thread 0x00000240e40e2d00 flushing  nmethod 0x00000240e7c05390
Event: 21.349 Thread 0x00000240e40e2d00 flushing  nmethod 0x00000240e7c08a90
Event: 21.349 Thread 0x00000240e40e2d00 flushing  nmethod 0x00000240e7c13d10
Event: 21.349 Thread 0x00000240e40e2d00 flushing  nmethod 0x00000240e7c28610
Event: 21.349 Thread 0x00000240e40e2d00 flushing  nmethod 0x00000240e7c49890
Event: 21.349 Thread 0x00000240e40e2d00 flushing osr nmethod 0x00000240e7c78a90
Event: 21.349 Thread 0x00000240e40e2d00 flushing  nmethod 0x00000240e7c8d910
Event: 21.349 Thread 0x00000240e40e2d00 flushing  nmethod 0x00000240e7c8f410
Event: 21.349 Thread 0x00000240e40e2d00 flushing  nmethod 0x00000240e7c90d10
Event: 21.349 Thread 0x00000240e40e2d00 flushing  nmethod 0x00000240e7c92790
Event: 21.349 Thread 0x00000240e40e2d00 flushing  nmethod 0x00000240e7c9d010
Event: 21.349 Thread 0x00000240e40e2d00 flushing  nmethod 0x00000240e7c9d790
Event: 21.349 Thread 0x00000240e40e2d00 flushing  nmethod 0x00000240e7c9db10
Event: 21.349 Thread 0x00000240e40e2d00 flushing  nmethod 0x00000240e7c9de90
Event: 21.349 Thread 0x00000240e40e2d00 flushing  nmethod 0x00000240e7c9f090
Event: 21.349 Thread 0x00000240e40e2d00 flushing  nmethod 0x00000240e7cb5610
Event: 21.349 Thread 0x00000240e40e2d00 flushing  nmethod 0x00000240e7cb8390
Event: 21.349 Thread 0x00000240e40e2d00 flushing  nmethod 0x00000240e7cc7610

Events (20 events):
Event: 31.296 Thread 0x00000240fcfdfe20 Thread added: 0x00000240c6fcd7e0
Event: 31.309 Thread 0x00000240c6fcb710 Thread exited: 0x00000240c6fcb710
Event: 31.309 Thread 0x00000240c6fccac0 Thread exited: 0x00000240c6fccac0
Event: 31.309 Thread 0x00000240c6fc9640 Thread exited: 0x00000240c6fc9640
Event: 31.309 Thread 0x00000240c6fcd150 Thread exited: 0x00000240c6fcd150
Event: 31.309 Thread 0x00000240c6fcd7e0 Thread exited: 0x00000240c6fcd7e0
Event: 31.638 Thread 0x00000240fe2b43b0 Thread exited: 0x00000240fe2b43b0
Event: 80.505 Thread 0x00000240fdd4cfc0 Thread exited: 0x00000240fdd4cfc0
Event: 81.494 Thread 0x00000240ff900950 Thread exited: 0x00000240ff900950
Event: 90.909 Thread 0x00000240fcfdd030 Thread exited: 0x00000240fcfdd030
Event: 91.014 Thread 0x00000240fcfddd50 Thread exited: 0x00000240fcfddd50
Event: 140.499 Thread 0x00000240ff8ffc30 Thread exited: 0x00000240ff8ffc30
Event: 200.511 Thread 0x00000240ff8fe880 Thread exited: 0x00000240ff8fe880
Event: 260.512 Thread 0x00000240fdd4dce0 Thread exited: 0x00000240fdd4dce0
Event: 318.333 Thread 0x00000240fdd4d650 Thread exited: 0x00000240fdd4d650
Event: 320.528 Thread 0x00000240ff8fe1f0 Thread exited: 0x00000240ff8fe1f0
Event: 331.319 Thread 0x00000240fcfdea70 Thread added: 0x00000240c6fc9640
Event: 331.425 Thread 0x00000240c6fc9640 Thread exited: 0x00000240c6fc9640
Event: 331.670 Thread 0x00000240fcfdea70 Thread added: 0x00000240c6fca9f0
Event: 331.680 Thread 0x00000240c6fca9f0 Thread exited: 0x00000240c6fca9f0


Dynamic libraries:
0x00007ff637290000 - 0x00007ff63729e000 	c:\Users\ACER\.vscode\extensions\redhat.java-1.55.0-win32-x64\jre\21.0.11-win32-x86_64\bin\java.exe
0x00007ffe28e80000 - 0x00007ffe290e6000 	C:\WINDOWS\SYSTEM32\ntdll.dll
0x00007ffe27a00000 - 0x00007ffe27ac9000 	C:\WINDOWS\System32\KERNEL32.DLL
0x00007ffe264f0000 - 0x00007ffe268ee000 	C:\WINDOWS\System32\KERNELBASE.dll
0x00007ffe26130000 - 0x00007ffe2627c000 	C:\WINDOWS\System32\ucrtbase.dll
0x00007ffe1a8f0000 - 0x00007ffe1a908000 	c:\Users\ACER\.vscode\extensions\redhat.java-1.55.0-win32-x64\jre\21.0.11-win32-x86_64\bin\jli.dll
0x00007ffe1bfd0000 - 0x00007ffe1bfee000 	c:\Users\ACER\.vscode\extensions\redhat.java-1.55.0-win32-x64\jre\21.0.11-win32-x86_64\bin\VCRUNTIME140.dll
0x00007ffe281f0000 - 0x00007ffe283b7000 	C:\WINDOWS\System32\USER32.dll
0x00007ffe0b5e0000 - 0x00007ffe0b872000 	C:\WINDOWS\WinSxS\amd64_microsoft.windows.common-controls_6595b64144ccf1df_6.0.26100.8875_none_3e0d5d42e32fe9dd\COMCTL32.dll
0x00007ffe283c0000 - 0x00007ffe28469000 	C:\WINDOWS\System32\msvcrt.dll
0x00007ffe28090000 - 0x00007ffe280bb000 	C:\WINDOWS\System32\GDI32.dll
0x00007ffe26410000 - 0x00007ffe26437000 	C:\WINDOWS\System32\win32u.dll
0x00007ffe26900000 - 0x00007ffe26a2a000 	C:\WINDOWS\System32\gdi32full.dll
0x00007ffe26440000 - 0x00007ffe264e3000 	C:\WINDOWS\System32\msvcp_win.dll
0x00007ffe28c00000 - 0x00007ffe28c32000 	C:\WINDOWS\System32\IMM32.DLL
0x00007ffe1a890000 - 0x00007ffe1a89c000 	c:\Users\ACER\.vscode\extensions\redhat.java-1.55.0-win32-x64\jre\21.0.11-win32-x86_64\bin\vcruntime140_1.dll
0x00007ffdf3350000 - 0x00007ffdf33dd000 	c:\Users\ACER\.vscode\extensions\redhat.java-1.55.0-win32-x64\jre\21.0.11-win32-x86_64\bin\msvcp140.dll
0x00007ffd5b730000 - 0x00007ffd5c4d2000 	c:\Users\ACER\.vscode\extensions\redhat.java-1.55.0-win32-x64\jre\21.0.11-win32-x86_64\bin\server\jvm.dll
0x00007ffe27930000 - 0x00007ffe279e7000 	C:\WINDOWS\System32\ADVAPI32.dll
0x00007ffe287a0000 - 0x00007ffe2884a000 	C:\WINDOWS\System32\sechost.dll
0x00007ffe285e0000 - 0x00007ffe286f8000 	C:\WINDOWS\System32\RPCRT4.dll
0x00007ffe28490000 - 0x00007ffe28510000 	C:\WINDOWS\System32\WS2_32.dll
0x00007ffe24bc0000 - 0x00007ffe24c1e000 	C:\WINDOWS\SYSTEM32\POWRPROF.dll
0x00007ffe0e4d0000 - 0x00007ffe0e506000 	C:\WINDOWS\SYSTEM32\WINMM.dll
0x00007ffe1b6a0000 - 0x00007ffe1b6ab000 	C:\WINDOWS\SYSTEM32\VERSION.dll
0x00007ffe24ba0000 - 0x00007ffe24bb4000 	C:\WINDOWS\SYSTEM32\UMPDC.dll
0x00007ffe24ea0000 - 0x00007ffe24ebb000 	C:\WINDOWS\SYSTEM32\kernel.appcore.dll
0x00007ffe1a920000 - 0x00007ffe1a92a000 	c:\Users\ACER\.vscode\extensions\redhat.java-1.55.0-win32-x64\jre\21.0.11-win32-x86_64\bin\jimage.dll
0x00007ffe235e0000 - 0x00007ffe23822000 	C:\WINDOWS\SYSTEM32\DBGHELP.DLL
0x00007ffe27ad0000 - 0x00007ffe27e53000 	C:\WINDOWS\System32\combase.dll
0x00007ffe28110000 - 0x00007ffe281e9000 	C:\WINDOWS\System32\OLEAUT32.dll
0x00007ffdf30f0000 - 0x00007ffdf312b000 	C:\WINDOWS\SYSTEM32\dbgcore.DLL
0x00007ffe26350000 - 0x00007ffe263fc000 	C:\WINDOWS\System32\bcryptPrimitives.dll
0x00007ffe1a910000 - 0x00007ffe1a91f000 	c:\Users\ACER\.vscode\extensions\redhat.java-1.55.0-win32-x64\jre\21.0.11-win32-x86_64\bin\instrument.dll
0x00007ffe1a8b0000 - 0x00007ffe1a8d0000 	c:\Users\ACER\.vscode\extensions\redhat.java-1.55.0-win32-x64\jre\21.0.11-win32-x86_64\bin\java.dll
0x00007ffe26cf0000 - 0x00007ffe27482000 	C:\WINDOWS\System32\SHELL32.dll
0x00007ffe23b50000 - 0x00007ffe243e2000 	C:\WINDOWS\SYSTEM32\windows.storage.dll
0x00007ffe28c40000 - 0x00007ffe28d37000 	C:\WINDOWS\System32\SHCORE.dll
0x00007ffe26c80000 - 0x00007ffe26ce7000 	C:\WINDOWS\System32\shlwapi.dll
0x00007ffe25fc0000 - 0x00007ffe25fe9000 	C:\WINDOWS\SYSTEM32\profapi.dll
0x00007ffe1a840000 - 0x00007ffe1a858000 	c:\Users\ACER\.vscode\extensions\redhat.java-1.55.0-win32-x64\jre\21.0.11-win32-x86_64\bin\zip.dll
0x00007ffe1a8a0000 - 0x00007ffe1a8b0000 	C:\Users\ACER\.vscode\extensions\redhat.java-1.55.0-win32-x64\jre\21.0.11-win32-x86_64\bin\net.dll
0x00007ffe1b0e0000 - 0x00007ffe1b207000 	C:\WINDOWS\SYSTEM32\WINHTTP.dll
0x00007ffe25450000 - 0x00007ffe254bc000 	C:\WINDOWS\system32\mswsock.dll
0x00007ffe1a7d0000 - 0x00007ffe1a7e6000 	C:\Users\ACER\.vscode\extensions\redhat.java-1.55.0-win32-x64\jre\21.0.11-win32-x86_64\bin\nio.dll
0x00007ffe1a880000 - 0x00007ffe1a890000 	c:\Users\ACER\.vscode\extensions\redhat.java-1.55.0-win32-x64\jre\21.0.11-win32-x86_64\bin\verify.dll
0x00007ffe13f60000 - 0x00007ffe13fa5000 	C:\Users\ACER\AppData\Roaming\Code\User\globalStorage\redhat.java\1.55.0\config_win\org.eclipse.equinox.launcher\org.eclipse.equinox.launcher.win32.win32.x86_64_1.3.100.v20260613-0559\eclipse_11924.dll
0x00007ffe27ef0000 - 0x00007ffe28089000 	C:\WINDOWS\System32\ole32.dll
0x00007ffe25750000 - 0x00007ffe2576b000 	C:\WINDOWS\SYSTEM32\CRYPTSP.dll
0x00007ffe24e00000 - 0x00007ffe24e39000 	C:\WINDOWS\system32\rsaenh.dll
0x00007ffe25510000 - 0x00007ffe25542000 	C:\WINDOWS\SYSTEM32\USERENV.dll
0x00007ffe25f90000 - 0x00007ffe25fba000 	C:\WINDOWS\SYSTEM32\bcrypt.dll
0x00007ffe25770000 - 0x00007ffe2577c000 	C:\WINDOWS\SYSTEM32\CRYPTBASE.dll
0x00007ffe247e0000 - 0x00007ffe24813000 	C:\WINDOWS\SYSTEM32\IPHLPAPI.DLL
0x00007ffe279f0000 - 0x00007ffe279fa000 	C:\WINDOWS\System32\NSI.dll
0x00007ffe02bf0000 - 0x00007ffe02c39000 	C:\Users\ACER\AppData\Local\Temp\jna-2003023\jna5921588239543854506.dll
0x00007ffe26bb0000 - 0x00007ffe26bb8000 	C:\WINDOWS\System32\PSAPI.DLL
0x00007ffe1b6e0000 - 0x00007ffe1b6fd000 	C:\WINDOWS\SYSTEM32\dhcpcsvc6.DLL
0x00007ffe1b6b0000 - 0x00007ffe1b6d5000 	C:\WINDOWS\SYSTEM32\dhcpcsvc.DLL

JVMTI agents:
c:\Users\ACER\.vscode\extensions\redhat.java-1.55.0-win32-x64\lombok\lombok-1.18.39-4050.jar path:c:\Users\ACER\.vscode\extensions\redhat.java-1.55.0-win32-x64\jre\21.0.11-win32-x86_64\bin\instrument.dll, loaded, initialized, instrumentlib options:none

dbghelp: loaded successfully - version: 4.0.5 - missing functions: none
symbol engine: initialized successfully - sym options: 0x614 - pdb path: .;c:\Users\ACER\.vscode\extensions\redhat.java-1.55.0-win32-x64\jre\21.0.11-win32-x86_64\bin;C:\WINDOWS\SYSTEM32;C:\WINDOWS\WinSxS\amd64_microsoft.windows.common-controls_6595b64144ccf1df_6.0.26100.8875_none_3e0d5d42e32fe9dd;c:\Users\ACER\.vscode\extensions\redhat.java-1.55.0-win32-x64\jre\21.0.11-win32-x86_64\bin\server;C:\Users\ACER\AppData\Roaming\Code\User\globalStorage\redhat.java\1.55.0\config_win\org.eclipse.equinox.launcher\org.eclipse.equinox.launcher.win32.win32.x86_64_1.3.100.v20260613-0559;C:\Users\ACER\AppData\Local\Temp\jna-2003023

VM Arguments:
jvm_args: --add-modules=ALL-SYSTEM --add-opens=java.base/java.util=ALL-UNNAMED --add-opens=java.base/java.lang=ALL-UNNAMED --add-opens=java.base/sun.nio.fs=ALL-UNNAMED -Declipse.application=org.eclipse.jdt.ls.core.id1 -Dosgi.bundles.defaultStartLevel=4 -Declipse.product=org.eclipse.jdt.ls.core.product -Djava.import.generatesMetadataFilesAtProjectRoot=false -DDetectVMInstallationsJob.disabled=true -Dfile.encoding=utf8 -XX:+UseParallelGC -XX:GCTimeRatio=4 -XX:AdaptiveSizePolicyWeight=90 -Dsun.zip.disableMemoryMapping=true -Xmx2G -Xms100m -Xlog:disable -javaagent:c:\Users\ACER\.vscode\extensions\redhat.java-1.55.0-win32-x64\lombok\lombok-1.18.39-4050.jar -XX:+HeapDumpOnOutOfMemoryError -XX:HeapDumpPath=c:\Users\ACER\AppData\Roaming\Code\User\workspaceStorage\0720bef961c6477faf8434819dbeee19\redhat.java -Daether.dependencyCollector.impl=bf 
java_command: c:\Users\ACER\.vscode\extensions\redhat.java-1.55.0-win32-x64\server\plugins\org.eclipse.equinox.launcher_1.7.200.v20260619-2039.jar -configuration c:\Users\ACER\AppData\Roaming\Code\User\globalStorage\redhat.java\1.55.0\config_win -data c:\Users\ACER\AppData\Roaming\Code\User\workspaceStorage\0720bef961c6477faf8434819dbeee19\redhat.java\jdt_ws --pipe=\\.\pipe\lsp-dadebf9cb4985bc9c028a9ea69e32484-sock
java_class_path (initial): c:\Users\ACER\.vscode\extensions\redhat.java-1.55.0-win32-x64\server\plugins\org.eclipse.equinox.launcher_1.7.200.v20260619-2039.jar
Launcher Type: SUN_STANDARD

[Global flags]
    uintx AdaptiveSizePolicyWeight                 = 90                                        {product} {command line}
     intx CICompilerCount                          = 4                                         {product} {ergonomic}
    uintx GCTimeRatio                              = 4                                         {product} {command line}
     bool HeapDumpOnOutOfMemoryError               = true                                   {manageable} {command line}
    ccstr HeapDumpPath                             = c:\Users\ACER\AppData\Roaming\Code\User\workspaceStorage\0720bef961c6477faf8434819dbeee19\redhat.java         {manageable} {command line}
   size_t InitialHeapSize                          = 104857600                                 {product} {command line}
   size_t MaxHeapSize                              = 2147483648                                {product} {command line}
   size_t MaxNewSize                               = 715653120                                 {product} {ergonomic}
   size_t MinHeapDeltaBytes                        = 524288                                    {product} {ergonomic}
   size_t MinHeapSize                              = 104857600                                 {product} {command line}
   size_t NewSize                                  = 34603008                                  {product} {ergonomic}
    uintx NonNMethodCodeHeapSize                   = 5839372                                {pd product} {ergonomic}
    uintx NonProfiledCodeHeapSize                  = 122909434                              {pd product} {ergonomic}
   size_t OldSize                                  = 70254592                                  {product} {ergonomic}
    uintx ProfiledCodeHeapSize                     = 122909434                              {pd product} {ergonomic}
    uintx ReservedCodeCacheSize                    = 251658240                              {pd product} {ergonomic}
     bool SegmentedCodeCache                       = true                                      {product} {ergonomic}
   size_t SoftMaxHeapSize                          = 2147483648                             {manageable} {ergonomic}
     bool UseCompressedOops                        = true                           {product lp64_product} {ergonomic}
     bool UseLargePagesIndividualAllocation        = false                                  {pd product} {ergonomic}
     bool UseParallelGC                            = true                                      {product} {command line}

Logging:
Log output configuration:
 #0: stdout all=off uptime,level,tags foldmultilines=false
 #1: stderr all=off uptime,level,tags foldmultilines=false

Release file:
JAVA_VERSION="21.0.11" 
MODULES="java.base java.compiler java.datatransfer java.xml java.prefs java.desktop java.instrument java.logging java.management java.security.sasl java.naming java.rmi java.management.rmi java.net.http java.scripting java.security.jgss java.transaction.xa java.sql java.sql.rowset java.xml.crypto java.se java.smartcardio jdk.accessibility jdk.internal.jvmstat jdk.attach jdk.charsets jdk.internal.opt jdk.zipfs jdk.compiler jdk.crypto.ec jdk.crypto.cryptoki jdk.crypto.mscapi jdk.dynalink jdk.internal.ed jdk.editpad jdk.hotspot.agent jdk.httpserver jdk.internal.le jdk.internal.vm.ci jdk.internal.vm.compiler jdk.internal.vm.compiler.management jdk.jartool jdk.javadoc jdk.jcmd jdk.management jdk.management.agent jdk.jconsole jdk.jdeps jdk.jdwp.agent jdk.jdi jdk.jfr jdk.jshell jdk.jsobject jdk.jstatd jdk.localedata jdk.management.jfr jdk.naming.dns jdk.naming.rmi jdk.net jdk.nio.mapmode jdk.random jdk.sctp jdk.security.auth jdk.security.jgss jdk.unsupported jdk.unsupported.desktop jdk.xml.dom" 

Environment Variables:
PATH=C:\Program Files\Microsoft SDKs\Azure\CLI2\wbin;C:\Program Files\Common Files\Oracle\Java\javapath;C:\Windows\system32;C:\Windows;C:\Windows\System32\Wbem;C:\Windows\System32\WindowsPowerShell\v1.0\;C:\Windows\System32\OpenSSH\;C:\Program Files (x86)\NVIDIA Corporation\PhysX\Common;C:\Program Files\NVIDIA Corporation\NVIDIA NvDLISR;C:\WINDOWS\system32;C:\WINDOWS;C:\WINDOWS\System32\Wbem;C:\WINDOWS\System32\WindowsPowerShell\v1.0\;C:\WINDOWS\System32\OpenSSH\;C:\Program Files\PuTTY\;C:\Program Files\Git\cmd;C:\workspace\apache-maven-3.9.12-bin\apache-maven-3.9.12\bin;C:\Program Files\nodejs\;C:\Program Files\Docker\Docker\resources\bin;C:\Users\ACER\AppData\Local\Programs\Python\Launcher\;C:\Users\ACER\AppData\Local\Microsoft\WindowsApps;C:\Program Files\JetBrains\PyCharm Community Edition 2024.2\bin;;C:\Users\ACER\AppData\Local\Programs\Microsoft VS Code\bin;C:\Users\ACER\AppData\Local\GitHubDesktop\bin;C:\Users\ACER\AppData\Roaming\npm;C:\Users\ACER\.local\bin;
USERNAME=ACER
OS=Windows_NT
PROCESSOR_IDENTIFIER=Intel64 Family 6 Model 141 Stepping 1, GenuineIntel
TMP=C:\Users\ACER\AppData\Local\Temp
TEMP=C:\Users\ACER\AppData\Local\Temp




Periodic native trim disabled

---------------  S Y S T E M  ---------------

OS:
 Windows 11 , 64 bit Build 26100 (10.0.26100.8875)
OS uptime: 1 days 2:23 hours
Hyper-V role detected

CPU: total 12 (initial active 12) (6 cores per cpu, 2 threads per core) family 6 model 141 stepping 1 microcode 0x3c, cx8, cmov, fxsr, ht, mmx, 3dnowpref, sse, sse2, sse3, ssse3, sse4.1, sse4.2, popcnt, lzcnt, tsc, tscinvbit, avx, avx2, aes, erms, clmul, bmi1, bmi2, adx, avx512f, avx512dq, avx512cd, avx512bw, avx512vl, sha, fma, vzeroupper, avx512_vpopcntdq, avx512_vpclmulqdq, avx512_vaes, avx512_vnni, clflush, clflushopt, clwb, avx512_vbmi2, avx512_vbmi, hv, rdtscp, rdpid, fsrm, gfni, avx512_bitalg, f16c, cet_ibt, cet_ss, avx512_ifma
Processor Information for the first 12 processors :
  Max Mhz: 2688, Current Mhz: 2688, Mhz Limit: 2688

Memory: 4k page, system-wide physical 7971M (378M free)
TotalPageFile size 32547M (AvailPageFile size 29M)
current process WorkingSet (physical memory assigned to process): 7M, peak: 331M
current process commit charge ("private bytes"): 384M, peak: 417M

vm_info: OpenJDK 64-Bit Server VM (21.0.11+10-LTS) for windows-amd64 JRE (21.0.11+10-LTS), built on 2026-04-21T00:00:00Z by "admin" with MS VC++ 17.12 (VS2022)

END.
